<?xml version="1.0" encoding="UTF-8"?>
<testng-results ignored="0" total="1" passed="1" failed="0" skipped="0">
  <reporter-output>
  </reporter-output>
  <suite started-at="2023-03-15T13:06:57 IST" name="Default suite" finished-at="2023-03-15T13:08:07 IST" duration-ms="69160">
    <groups>
    </groups>
    <test started-at="2023-03-15T13:06:57 IST" name="Default test" finished-at="2023-03-15T13:08:07 IST" duration-ms="69160">
      <class name="automate.quickstart.PANVERIFICATION">
        <test-method is-config="true" signature="configureAppium()[pri:0, instance:automate.quickstart.PANVERIFICATION@222545dc]" started-at="2023-03-15T13:06:57 IST" name="configureAppium" finished-at="2023-03-15T13:07:13 IST" duration-ms="16037" status="PASS">
          <reporter-output>
          </reporter-output>
        </test-method> <!-- configureAppium -->
        <test-method signature="PAN()[pri:0, instance:automate.quickstart.PANVERIFICATION@222545dc]" started-at="2023-03-15T13:07:13 IST" name="PAN" finished-at="2023-03-15T13:08:07 IST" duration-ms="53082" status="PASS">
          <reporter-output>
          </reporter-output>
        </test-method> <!-- PAN -->
      </class> <!-- automate.quickstart.PANVERIFICATION -->
    </test> <!-- Default test -->
  </suite> <!-- Default suite -->
</testng-results>
